[2015-06-15 11:50:56][12552][INFO]return successfully! | SQL[SET NAMES latin1]
[2015-06-15 11:50:56][12552][INFO]return successfully! | excute time:18(ms) SQL[SET NAMES latin1]
[2015-06-15 11:50:56][12552][INFO]return successfully! | SQL[INSERT INTO ys_channelinfo SET `channel_name` = '232', `coupon_id` = '', `coupon_name` = '3232', `isvalid` = '1', `insertdate` = '', `updatedate` = '']
[2015-06-15 11:50:56][12552][INFO]return successfully! | excute time:12(ms) SQL[INSERT INTO ys_channelinfo SET `channel_name` = '232', `coupon_id` = '', `coupon_name` = '3232', `isvalid` = '1', `insertdate` = '', `updatedate` = '']
[2015-06-15 14:21:35][12552][INFO]return successfully! | SQL[SET NAMES latin1]
[2015-06-15 14:21:35][12552][INFO]return successfully! | excute time:131(ms) SQL[SET NAMES latin1]
[2015-06-15 14:21:35][12552][INFO]return successfully! | SQL[INSERT INTO ys_channelinfo SET `channel_name` = '', `coupon_id` = '', `coupon_name` = '', `isvalid` = '1', `insertdate` = '', `updatedate` = '']
[2015-06-15 14:21:36][12552][INFO]return successfully! | excute time:266(ms) SQL[INSERT INTO ys_channelinfo SET `channel_name` = '', `coupon_id` = '', `coupon_name` = '', `isvalid` = '1', `insertdate` = '', `updatedate` = '']
[2015-06-15 14:27:28][12552][INFO]return successfully! | SQL[SET NAMES latin1]
[2015-06-15 14:27:28][12552][INFO]return successfully! | excute time:0(ms) SQL[SET NAMES latin1]
[2015-06-15 14:27:28][12552][INFO]return successfully! | SQL[INSERT INTO ys_channelinfo SET `channel_name` = '4', `coupon_id` = '4', `coupon_name` = '454', `isvalid` = '1', `insertdate` = '', `updatedate` = '']
[2015-06-15 14:27:28][12552][INFO]return successfully! | excute time:0(ms) SQL[INSERT INTO ys_channelinfo SET `channel_name` = '4', `coupon_id` = '4', `coupon_name` = '454', `isvalid` = '1', `insertdate` = '', `updatedate` = '']
[2015-06-15 14:34:50][12552][INFO]return successfully! | SQL[SET NAMES latin1]
[2015-06-15 14:34:50][12552][INFO]return successfully! | excute time:0(ms) SQL[SET NAMES latin1]
[2015-06-15 14:34:50][12552][INFO]return successfully! | SQL[INSERT INTO ys_channelinfo SET `channel_name` = '454', `coupon_id` = '44', `coupon_name` = '45', `isvalid` = '1', `insertdate` = '', `updatedate` = '']
[2015-06-15 14:34:50][12552][INFO]return successfully! | excute time:0(ms) SQL[INSERT INTO ys_channelinfo SET `channel_name` = '454', `coupon_id` = '44', `coupon_name` = '45', `isvalid` = '1', `insertdate` = '', `updatedate` = '']
[2015-06-15 14:35:47][12552][INFO]return successfully! | SQL[SET NAMES latin1]
[2015-06-15 14:35:47][12552][INFO]return successfully! | excute time:0(ms) SQL[SET NAMES latin1]
[2015-06-15 14:35:47][12552][INFO]return successfully! | SQL[INSERT INTO ys_channelinfo SET `channel_name` = '6', `coupon_id` = '6', `coupon_name` = '6', `isvalid` = '1', `insertdate` = '', `updatedate` = '']
[2015-06-15 14:35:47][12552][INFO]return successfully! | excute time:0(ms) SQL[INSERT INTO ys_channelinfo SET `channel_name` = '6', `coupon_id` = '6', `coupon_name` = '6', `isvalid` = '1', `insertdate` = '', `updatedate` = '']
[2015-06-15 14:39:50][12552][INFO]return successfully! | SQL[SET NAMES latin1]
[2015-06-15 14:39:50][12552][INFO]return successfully! | excute time:0(ms) SQL[SET NAMES latin1]
[2015-06-15 14:39:50][12552][INFO]return successfully! | SQL[INSERT INTO ys_channelinfo SET `channel_name` = '4', `coupon_id` = '4', `coupon_name` = '454', `isvalid` = '1', `insertdate` = '', `updatedate` = '']
[2015-06-15 14:39:50][12552][INFO]return successfully! | excute time:1(ms) SQL[INSERT INTO ys_channelinfo SET `channel_name` = '4', `coupon_id` = '4', `coupon_name` = '454', `isvalid` = '1', `insertdate` = '', `updatedate` = '']
[2015-06-15 14:52:26][12552][INFO]return successfully! | SQL[SET NAMES latin1]
[2015-06-15 14:52:26][12552][INFO]return successfully! | excute time:0(ms) SQL[SET NAMES latin1]
[2015-06-15 14:52:26][12552][INFO]return successfully! | SQL[INSERT INTO ys_channelinfo SET `channel_name` = '4', `coupon_id` = '4', `coupon_name` = '454', `isvalid` = '1', `insertdate` = '', `updatedate` = '']
[2015-06-15 14:52:26][12552][INFO]return successfully! | excute time:1(ms) SQL[INSERT INTO ys_channelinfo SET `channel_name` = '4', `coupon_id` = '4', `coupon_name` = '454', `isvalid` = '1', `insertdate` = '', `updatedate` = '']
[2015-06-15 15:23:07][12552][INFO]return successfully! | SQL[SET NAMES latin1]
[2015-06-15 15:23:07][12552][INFO]return successfully! | excute time:0(ms) SQL[SET NAMES latin1]
[2015-06-15 15:23:07][12552][INFO]return successfully! | SQL[INSERT INTO ys_channelinfo SET `channel_name` = '6', `coupon_id` = '6', `coupon_name` = '6', `isvalid` = '1', `insertdate` = '', `updatedate` = '']
[2015-06-15 15:23:07][12552][INFO]return successfully! | excute time:0(ms) SQL[INSERT INTO ys_channelinfo SET `channel_name` = '6', `coupon_id` = '6', `coupon_name` = '6', `isvalid` = '1', `insertdate` = '', `updatedate` = '']
[2015-06-15 15:23:42][12552][INFO]return successfully! | SQL[SET NAMES latin1]
[2015-06-15 15:23:42][12552][INFO]return successfully! | excute time:2(ms) SQL[SET NAMES latin1]
[2015-06-15 15:23:42][12552][INFO]return successfully! | SQL[INSERT INTO ys_channelinfo SET `channel_name` = '3', `coupon_id` = '3', `coupon_name` = '3', `isvalid` = '1', `insertdate` = '', `updatedate` = '']
[2015-06-15 15:23:42][12552][INFO]return successfully! | excute time:0(ms) SQL[INSERT INTO ys_channelinfo SET `channel_name` = '3', `coupon_id` = '3', `coupon_name` = '3', `isvalid` = '1', `insertdate` = '', `updatedate` = '']
[2015-06-15 15:36:09][12552][INFO]return successfully! | SQL[SET NAMES latin1]
[2015-06-15 15:36:09][12552][INFO]return successfully! | excute time:0(ms) SQL[SET NAMES latin1]
[2015-06-15 15:36:09][12552][INFO]return successfully! | SQL[INSERT INTO ys_channelinfo SET `channel_name` = '5', `coupon_id` = '5', `coupon_name` = '5', `isvalid` = '1', `insertdate` = '', `updatedate` = '']
[2015-06-15 15:36:09][12552][INFO]return successfully! | excute time:0(ms) SQL[INSERT INTO ys_channelinfo SET `channel_name` = '5', `coupon_id` = '5', `coupon_name` = '5', `isvalid` = '1', `insertdate` = '', `updatedate` = '']
[2015-06-15 15:36:56][12552][INFO]return successfully! | SQL[SET NAMES latin1]
[2015-06-15 15:36:56][12552][INFO]return successfully! | excute time:0(ms) SQL[SET NAMES latin1]
[2015-06-15 15:36:56][12552][INFO]return successfully! | SQL[INSERT INTO ys_channelinfo SET `channel_name` = '4', `coupon_id` = '4', `coupon_name` = '4', `isvalid` = '1', `insertdate` = '', `updatedate` = '']
[2015-06-15 15:36:56][12552][INFO]return successfully! | excute time:1(ms) SQL[INSERT INTO ys_channelinfo SET `channel_name` = '4', `coupon_id` = '4', `coupon_name` = '4', `isvalid` = '1', `insertdate` = '', `updatedate` = '']
[2015-06-15 15:39:49][12552][INFO]return successfully! | SQL[SET NAMES latin1]
[2015-06-15 15:39:49][12552][INFO]return successfully! | excute time:0(ms) SQL[SET NAMES latin1]
[2015-06-15 15:39:49][12552][INFO]return successfully! | SQL[INSERT INTO ys_channelinfo SET `channel_name` = '3', `coupon_id` = '3', `coupon_name` = '3', `isvalid` = '1', `insertdate` = '', `updatedate` = '']
[2015-06-15 15:39:49][12552][INFO]return successfully! | excute time:1(ms) SQL[INSERT INTO ys_channelinfo SET `channel_name` = '3', `coupon_id` = '3', `coupon_name` = '3', `isvalid` = '1', `insertdate` = '', `updatedate` = '']
[2015-06-15 15:43:23][12552][INFO]return successfully! | SQL[SET NAMES latin1]
[2015-06-15 15:43:23][12552][INFO]return successfully! | excute time:0(ms) SQL[SET NAMES latin1]
[2015-06-15 15:43:23][12552][INFO]return successfully! | SQL[INSERT INTO ys_channelinfo SET `channel_name` = '3', `coupon_id` = '3', `coupon_name` = '3', `isvalid` = '1', `insertdate` = '', `updatedate` = '']
[2015-06-15 15:43:23][12552][INFO]return successfully! | excute time:0(ms) SQL[INSERT INTO ys_channelinfo SET `channel_name` = '3', `coupon_id` = '3', `coupon_name` = '3', `isvalid` = '1', `insertdate` = '', `updatedate` = '']
[2015-06-15 15:44:18][12552][INFO]return successfully! | SQL[SET NAMES latin1]
[2015-06-15 15:44:18][12552][INFO]return successfully! | excute time:0(ms) SQL[SET NAMES latin1]
[2015-06-15 15:44:18][12552][INFO]return successfully! | SQL[INSERT INTO ys_channelinfo SET `channel_name` = '3', `coupon_id` = '3', `coupon_name` = '3', `isvalid` = '1', `insertdate` = '', `updatedate` = '']
[2015-06-15 15:44:18][12552][INFO]return successfully! | excute time:0(ms) SQL[INSERT INTO ys_channelinfo SET `channel_name` = '3', `coupon_id` = '3', `coupon_name` = '3', `isvalid` = '1', `insertdate` = '', `updatedate` = '']
[2015-06-15 15:45:29][12552][INFO]return successfully! | SQL[SET NAMES latin1]
[2015-06-15 15:45:29][12552][INFO]return successfully! | excute time:0(ms) SQL[SET NAMES latin1]
[2015-06-15 15:45:29][12552][INFO]return successfully! | SQL[INSERT INTO ys_channelinfo SET `channel_name` = '3', `coupon_id` = '3', `coupon_name` = '3', `isvalid` = '1', `insertdate` = '', `updatedate` = '']
[2015-06-15 15:45:29][12552][INFO]return successfully! | excute time:1(ms) SQL[INSERT INTO ys_channelinfo SET `channel_name` = '3', `coupon_id` = '3', `coupon_name` = '3', `isvalid` = '1', `insertdate` = '', `updatedate` = '']
[2015-06-15 15:45:31][12552][INFO]return successfully! | SQL[SET NAMES latin1]
[2015-06-15 15:45:31][12552][INFO]return successfully! | excute time:0(ms) SQL[SET NAMES latin1]
[2015-06-15 15:45:31][12552][INFO]return successfully! | SQL[INSERT INTO ys_channelinfo SET `channel_name` = '3', `coupon_id` = '3', `coupon_name` = '3', `isvalid` = '1', `insertdate` = '', `updatedate` = '']
[2015-06-15 15:45:31][12552][INFO]return successfully! | excute time:0(ms) SQL[INSERT INTO ys_channelinfo SET `channel_name` = '3', `coupon_id` = '3', `coupon_name` = '3', `isvalid` = '1', `insertdate` = '', `updatedate` = '']
[2015-06-15 15:46:14][12552][INFO]return successfully! | SQL[SET NAMES latin1]
[2015-06-15 15:46:14][12552][INFO]return successfully! | excute time:0(ms) SQL[SET NAMES latin1]
[2015-06-15 15:46:14][12552][INFO]return successfully! | SQL[INSERT INTO ys_channelinfo SET `channel_name` = '4', `coupon_id` = '4', `coupon_name` = '4', `isvalid` = '1', `insertdate` = '', `updatedate` = '']
[2015-06-15 15:46:14][12552][INFO]return successfully! | excute time:0(ms) SQL[INSERT INTO ys_channelinfo SET `channel_name` = '4', `coupon_id` = '4', `coupon_name` = '4', `isvalid` = '1', `insertdate` = '', `updatedate` = '']
[2015-06-15 15:46:37][12552][INFO]return successfully! | SQL[SET NAMES latin1]
[2015-06-15 15:46:37][12552][INFO]return successfully! | excute time:0(ms) SQL[SET NAMES latin1]
[2015-06-15 15:46:37][12552][INFO]return successfully! | SQL[INSERT INTO ys_channelinfo SET `channel_name` = '4', `coupon_id` = '4', `coupon_name` = '4', `isvalid` = '1', `insertdate` = '', `updatedate` = '']
[2015-06-15 15:46:37][12552][INFO]return successfully! | excute time:0(ms) SQL[INSERT INTO ys_channelinfo SET `channel_name` = '4', `coupon_id` = '4', `coupon_name` = '4', `isvalid` = '1', `insertdate` = '', `updatedate` = '']
[2015-06-15 15:47:30][12552][INFO]return successfully! | SQL[SET NAMES latin1]
[2015-06-15 15:47:30][12552][INFO]return successfully! | excute time:0(ms) SQL[SET NAMES latin1]
[2015-06-15 15:47:30][12552][INFO]return successfully! | SQL[INSERT INTO ys_channelinfo SET `channel_name` = '4', `coupon_id` = '4', `coupon_name` = '4', `isvalid` = '1', `insertdate` = '', `updatedate` = '']
[2015-06-15 15:47:30][12552][INFO]return successfully! | excute time:0(ms) SQL[INSERT INTO ys_channelinfo SET `channel_name` = '4', `coupon_id` = '4', `coupon_name` = '4', `isvalid` = '1', `insertdate` = '', `updatedate` = '']
[2015-06-15 15:48:38][12552][INFO]return successfully! | SQL[SET NAMES latin1]
[2015-06-15 15:48:38][12552][INFO]return successfully! | excute time:0(ms) SQL[SET NAMES latin1]
[2015-06-15 15:48:38][12552][INFO]return successfully! | SQL[INSERT INTO ys_channelinfo SET `channel_name` = '4', `coupon_id` = '4', `coupon_name` = '4', `isvalid` = '1', `insertdate` = '', `updatedate` = '']
[2015-06-15 15:48:38][12552][INFO]return successfully! | excute time:2(ms) SQL[INSERT INTO ys_channelinfo SET `channel_name` = '4', `coupon_id` = '4', `coupon_name` = '4', `isvalid` = '1', `insertdate` = '', `updatedate` = '']
[2015-06-15 15:49:28][12552][INFO]return successfully! | SQL[SET NAMES latin1]
[2015-06-15 15:49:28][12552][INFO]return successfully! | excute time:0(ms) SQL[SET NAMES latin1]
[2015-06-15 15:49:28][12552][INFO]return successfully! | SQL[INSERT INTO ys_channelinfo SET `channel_name` = '超市发', `coupon_id` = '34', `coupon_name` = '43', `isvalid` = '1', `insertdate` = '', `updatedate` = '']
[2015-06-15 15:49:28][12552][INFO]return successfully! | excute time:0(ms) SQL[INSERT INTO ys_channelinfo SET `channel_name` = '超市发', `coupon_id` = '34', `coupon_name` = '43', `isvalid` = '1', `insertdate` = '', `updatedate` = '']
[2015-06-15 15:50:04][12552][INFO]return successfully! | SQL[SET NAMES latin1]
[2015-06-15 15:50:04][12552][INFO]return successfully! | excute time:0(ms) SQL[SET NAMES latin1]
[2015-06-15 15:50:04][12552][INFO]return successfully! | SQL[INSERT INTO ys_channelinfo SET `channel_name` = '超市发', `coupon_id` = '2323', `coupon_name` = '23', `isvalid` = '1', `insertdate` = '', `updatedate` = '']
[2015-06-15 15:50:04][12552][INFO]return successfully! | excute time:1(ms) SQL[INSERT INTO ys_channelinfo SET `channel_name` = '超市发', `coupon_id` = '2323', `coupon_name` = '23', `isvalid` = '1', `insertdate` = '', `updatedate` = '']
[2015-06-15 15:51:19][12552][INFO]return successfully! | SQL[SET NAMES latin1]
[2015-06-15 15:51:19][12552][INFO]return successfully! | excute time:0(ms) SQL[SET NAMES latin1]
[2015-06-15 15:51:19][12552][INFO]return successfully! | SQL[INSERT INTO ys_channelinfo SET `channel_name` = '超市发', `coupon_id` = '2323', `coupon_name` = '23', `isvalid` = '1', `insertdate` = '', `updatedate` = '']
[2015-06-15 15:51:19][12552][INFO]return successfully! | excute time:1(ms) SQL[INSERT INTO ys_channelinfo SET `channel_name` = '超市发', `coupon_id` = '2323', `coupon_name` = '23', `isvalid` = '1', `insertdate` = '', `updatedate` = '']
[2015-06-15 15:51:51][12552][INFO]return successfully! | SQL[SET NAMES latin1]
[2015-06-15 15:51:51][12552][INFO]return successfully! | excute time:0(ms) SQL[SET NAMES latin1]
[2015-06-15 15:51:51][12552][INFO]return successfully! | SQL[INSERT INTO ys_channelinfo SET `channel_name` = '超市发', `coupon_id` = '2323', `coupon_name` = '23', `isvalid` = '1', `insertdate` = '', `updatedate` = '']
[2015-06-15 15:51:51][12552][INFO]return successfully! | excute time:0(ms) SQL[INSERT INTO ys_channelinfo SET `channel_name` = '超市发', `coupon_id` = '2323', `coupon_name` = '23', `isvalid` = '1', `insertdate` = '', `updatedate` = '']
[2015-06-15 15:52:55][12552][INFO]return successfully! | SQL[SET NAMES latin1]
[2015-06-15 15:52:55][12552][INFO]return successfully! | excute time:0(ms) SQL[SET NAMES latin1]
[2015-06-15 15:52:55][12552][INFO]return successfully! | SQL[INSERT INTO ys_channelinfo SET `channel_name` = '个', `coupon_id` = '45', `coupon_name` = '45', `isvalid` = '1', `insertdate` = '', `updatedate` = '']
[2015-06-15 15:52:55][12552][INFO]return successfully! | excute time:1(ms) SQL[INSERT INTO ys_channelinfo SET `channel_name` = '个', `coupon_id` = '45', `coupon_name` = '45', `isvalid` = '1', `insertdate` = '', `updatedate` = '']
[2015-06-15 15:53:40][12552][INFO]return successfully! | SQL[SET NAMES latin1]
[2015-06-15 15:53:40][12552][INFO]return successfully! | excute time:0(ms) SQL[SET NAMES latin1]
[2015-06-15 15:53:40][12552][INFO]return successfully! | SQL[INSERT INTO ys_channelinfo SET `channel_name` = '个', `coupon_id` = '45', `coupon_name` = '45', `isvalid` = '1', `insertdate` = '', `updatedate` = '']
[2015-06-15 15:53:40][12552][INFO]return successfully! | excute time:1(ms) SQL[INSERT INTO ys_channelinfo SET `channel_name` = '个', `coupon_id` = '45', `coupon_name` = '45', `isvalid` = '1', `insertdate` = '', `updatedate` = '']
[2015-06-15 15:54:06][12552][INFO]return successfully! | SQL[SET NAMES latin1]
[2015-06-15 15:54:06][12552][INFO]return successfully! | excute time:0(ms) SQL[SET NAMES latin1]
[2015-06-15 15:54:06][12552][INFO]return successfully! | SQL[INSERT INTO ys_channelinfo SET `channel_name` = '个', `coupon_id` = '45', `coupon_name` = '45', `isvalid` = '1', `insertdate` = '2015-06-15 15:54:06', `updatedate` = '2015-06-15 15:54:06']
[2015-06-15 15:54:06][12552][INFO]return successfully! | excute time:33(ms) SQL[INSERT INTO ys_channelinfo SET `channel_name` = '个', `coupon_id` = '45', `coupon_name` = '45', `isvalid` = '1', `insertdate` = '2015-06-15 15:54:06', `updatedate` = '2015-06-15 15:54:06']
[2015-06-15 15:56:33][12552][INFO]return successfully! | SQL[SET NAMES latin1]
[2015-06-15 15:56:33][12552][INFO]return successfully! | excute time:0(ms) SQL[SET NAMES latin1]
[2015-06-15 15:56:33][12552][INFO]return successfully! | SQL[INSERT INTO ys_channelinfo SET `channel_name` = '好', `coupon_id` = '5', `coupon_name` = '5', `isvalid` = '1', `insertdate` = '2015-06-15 15:56:33', `updatedate` = '2015-06-15 15:56:33']
[2015-06-15 15:56:33][12552][INFO]return successfully! | excute time:0(ms) SQL[INSERT INTO ys_channelinfo SET `channel_name` = '好', `coupon_id` = '5', `coupon_name` = '5', `isvalid` = '1', `insertdate` = '2015-06-15 15:56:33', `updatedate` = '2015-06-15 15:56:33']
[2015-06-15 16:00:25][12552][INFO]return successfully! | SQL[SET NAMES latin1]
[2015-06-15 16:00:25][12552][INFO]return successfully! | excute time:0(ms) SQL[SET NAMES latin1]
[2015-06-15 16:00:25][12552][INFO]return successfully! | SQL[INSERT INTO ys_channelinfo SET `channel_name` = '发的', `coupon_id` = '34', `coupon_name` = '34', `isvalid` = '1', `insertdate` = '2015-06-15 16:00:25', `updatedate` = '2015-06-15 16:00:25']
[2015-06-15 16:00:25][12552][INFO]return successfully! | excute time:2(ms) SQL[INSERT INTO ys_channelinfo SET `channel_name` = '发的', `coupon_id` = '34', `coupon_name` = '34', `isvalid` = '1', `insertdate` = '2015-06-15 16:00:25', `updatedate` = '2015-06-15 16:00:25']
[2015-06-15 16:09:40][12552][INFO]return successfully! | SQL[SET NAMES latin1]
[2015-06-15 16:09:40][12552][INFO]return successfully! | excute time:0(ms) SQL[SET NAMES latin1]
[2015-06-15 16:09:40][12552][INFO]return successfully! | SQL[set names utf8]
[2015-06-15 16:09:40][12552][INFO]return successfully! | excute time:0(ms) SQL[set names utf8]
[2015-06-15 16:09:40][12552][INFO]return successfully! | SQL[INSERT INTO ys_channelinfo SET `channel_name` = '规范', `coupon_id` = '4', `coupon_name` = '4', `isvalid` = '1', `insertdate` = '2015-06-15 16:09:40', `updatedate` = '2015-06-15 16:09:40']
[2015-06-15 16:09:40][12552][INFO]return successfully! | excute time:0(ms) SQL[INSERT INTO ys_channelinfo SET `channel_name` = '规范', `coupon_id` = '4', `coupon_name` = '4', `isvalid` = '1', `insertdate` = '2015-06-15 16:09:40', `updatedate` = '2015-06-15 16:09:40']
[2015-06-15 16:10:06][12552][INFO]return successfully! | SQL[SET NAMES latin1]
[2015-06-15 16:10:06][12552][INFO]return successfully! | excute time:0(ms) SQL[SET NAMES latin1]
[2015-06-15 16:10:06][12552][INFO]return successfully! | SQL[set names utf8]
[2015-06-15 16:10:06][12552][INFO]return successfully! | excute time:0(ms) SQL[set names utf8]
[2015-06-15 16:10:06][12552][INFO]return successfully! | SQL[INSERT INTO ys_channelinfo SET `channel_name` = '规范', `coupon_id` = '4', `coupon_name` = '4', `isvalid` = '1', `insertdate` = '2015-06-15 16:10:06', `updatedate` = '2015-06-15 16:10:06']
[2015-06-15 16:10:06][12552][INFO]return successfully! | excute time:0(ms) SQL[INSERT INTO ys_channelinfo SET `channel_name` = '规范', `coupon_id` = '4', `coupon_name` = '4', `isvalid` = '1', `insertdate` = '2015-06-15 16:10:06', `updatedate` = '2015-06-15 16:10:06']
[2015-06-15 16:10:52][12552][INFO]return successfully! | SQL[SET NAMES latin1]
[2015-06-15 16:10:52][12552][INFO]return successfully! | excute time:0(ms) SQL[SET NAMES latin1]
[2015-06-15 16:10:52][12552][INFO]return successfully! | SQL[set names utf8]
[2015-06-15 16:10:52][12552][INFO]return successfully! | excute time:0(ms) SQL[set names utf8]
[2015-06-15 16:10:52][12552][INFO]return successfully! | SQL[INSERT INTO ys_channelinfo SET `channel_name` = '规范', `coupon_id` = '4', `coupon_name` = '4', `isvalid` = '1', `insertdate` = '2015-06-15 16:10:52', `updatedate` = '2015-06-15 16:10:52']
[2015-06-15 16:10:52][12552][INFO]return successfully! | excute time:2(ms) SQL[INSERT INTO ys_channelinfo SET `channel_name` = '规范', `coupon_id` = '4', `coupon_name` = '4', `isvalid` = '1', `insertdate` = '2015-06-15 16:10:52', `updatedate` = '2015-06-15 16:10:52']
