[2015-06-17 17:39:06][6484][INFO]return successfully! | SQL[SET NAMES latin1]
[2015-06-17 17:39:06][6484][INFO]return successfully! | excute time:0(ms) SQL[SET NAMES latin1]
[2015-06-17 17:39:06][6484][INFO]return successfully! | SQL[set names utf8]
[2015-06-17 17:39:06][6484][INFO]return successfully! | excute time:0(ms) SQL[set names utf8]
[2015-06-17 17:39:06][6484][INFO]return successfully! | SQL[INSERT INTO ys_channelinfo SET `channel_name` = '地铁', `coupon_id` = '2323', `coupon_name` = '34', `isvalid` = '1', `insertdate` = '2015-06-17 17:39:06', `updatedate` = '2015-06-17 17:39:06']
[2015-06-17 17:39:06][6484][INFO]return successfully! | excute time:29(ms) SQL[INSERT INTO ys_channelinfo SET `channel_name` = '地铁', `coupon_id` = '2323', `coupon_name` = '34', `isvalid` = '1', `insertdate` = '2015-06-17 17:39:06', `updatedate` = '2015-06-17 17:39:06']
[2015-06-17 18:14:45][6484][INFO]return successfully! | SQL[SET NAMES latin1]
[2015-06-17 18:14:45][6484][INFO]return successfully! | excute time:0(ms) SQL[SET NAMES latin1]
[2015-06-17 18:14:45][6484][INFO]return successfully! | SQL[set names utf8]
[2015-06-17 18:14:45][6484][INFO]return successfully! | excute time:0(ms) SQL[set names utf8]
[2015-06-17 18:16:02][6484][INFO]return successfully! | SQL[SET NAMES latin1]
[2015-06-17 18:16:02][6484][INFO]return successfully! | excute time:0(ms) SQL[SET NAMES latin1]
[2015-06-17 18:16:02][6484][INFO]return successfully! | SQL[set names utf8]
[2015-06-17 18:16:02][6484][INFO]return successfully! | excute time:0(ms) SQL[set names utf8]
[2015-06-17 18:17:48][6484][INFO]return successfully! | SQL[SET NAMES latin1]
[2015-06-17 18:17:48][6484][INFO]return successfully! | excute time:0(ms) SQL[SET NAMES latin1]
[2015-06-17 18:17:48][6484][INFO]return successfully! | SQL[set names utf8]
[2015-06-17 18:17:48][6484][INFO]return successfully! | excute time:0(ms) SQL[set names utf8]
[2015-06-17 18:27:03][6484][INFO]return successfully! | SQL[SET NAMES latin1]
[2015-06-17 18:27:03][6484][INFO]return successfully! | excute time:0(ms) SQL[SET NAMES latin1]
[2015-06-17 18:27:03][6484][INFO]return successfully! | SQL[set names utf8]
[2015-06-17 18:27:03][6484][INFO]return successfully! | excute time:0(ms) SQL[set names utf8]
[2015-06-17 18:27:41][6484][INFO]return successfully! | SQL[SET NAMES latin1]
[2015-06-17 18:27:41][6484][INFO]return successfully! | excute time:0(ms) SQL[SET NAMES latin1]
[2015-06-17 18:27:41][6484][INFO]return successfully! | SQL[set names utf8]
[2015-06-17 18:27:41][6484][INFO]return successfully! | excute time:0(ms) SQL[set names utf8]
[2015-06-17 18:29:07][6484][INFO]return successfully! | SQL[SET NAMES latin1]
[2015-06-17 18:29:07][6484][INFO]return successfully! | excute time:0(ms) SQL[SET NAMES latin1]
[2015-06-17 18:29:07][6484][INFO]return successfully! | SQL[set names utf8]
[2015-06-17 18:29:07][6484][INFO]return successfully! | excute time:0(ms) SQL[set names utf8]
[2015-06-17 18:29:09][6484][INFO]return successfully! | SQL[SET NAMES latin1]
[2015-06-17 18:29:09][6484][INFO]return successfully! | excute time:0(ms) SQL[SET NAMES latin1]
[2015-06-17 18:29:09][6484][INFO]return successfully! | SQL[set names utf8]
[2015-06-17 18:29:09][6484][INFO]return successfully! | excute time:1(ms) SQL[set names utf8]
[2015-06-17 18:29:09][6484][INFO]return successfully! | SQL[SET NAMES latin1]
[2015-06-17 18:29:09][6484][INFO]return successfully! | excute time:0(ms) SQL[SET NAMES latin1]
[2015-06-17 18:29:09][6484][INFO]return successfully! | SQL[set names utf8]
[2015-06-17 18:29:09][6484][INFO]return successfully! | excute time:0(ms) SQL[set names utf8]
[2015-06-17 18:29:25][6484][INFO]return successfully! | SQL[SET NAMES latin1]
[2015-06-17 18:29:25][6484][INFO]return successfully! | excute time:0(ms) SQL[SET NAMES latin1]
[2015-06-17 18:29:25][6484][INFO]return successfully! | SQL[set names utf8]
[2015-06-17 18:29:25][6484][INFO]return successfully! | excute time:1(ms) SQL[set names utf8]
[2015-06-17 18:30:05][6484][INFO]return successfully! | SQL[SET NAMES latin1]
[2015-06-17 18:30:05][6484][INFO]return successfully! | excute time:0(ms) SQL[SET NAMES latin1]
[2015-06-17 18:30:05][6484][INFO]return successfully! | SQL[set names utf8]
[2015-06-17 18:30:05][6484][INFO]return successfully! | excute time:0(ms) SQL[set names utf8]
[2015-06-17 18:31:09][6484][INFO]return successfully! | SQL[SET NAMES latin1]
[2015-06-17 18:31:09][6484][INFO]return successfully! | excute time:0(ms) SQL[SET NAMES latin1]
[2015-06-17 18:31:09][6484][INFO]return successfully! | SQL[set names utf8]
[2015-06-17 18:31:09][6484][INFO]return successfully! | excute time:1(ms) SQL[set names utf8]
[2015-06-17 18:31:21][6484][INFO]return successfully! | SQL[SET NAMES latin1]
[2015-06-17 18:31:21][6484][INFO]return successfully! | excute time:0(ms) SQL[SET NAMES latin1]
[2015-06-17 18:31:21][6484][INFO]return successfully! | SQL[set names utf8]
[2015-06-17 18:31:21][6484][INFO]return successfully! | excute time:0(ms) SQL[set names utf8]
[2015-06-17 18:31:23][6484][INFO]return successfully! | SQL[SET NAMES latin1]
[2015-06-17 18:31:23][6484][INFO]return successfully! | excute time:0(ms) SQL[SET NAMES latin1]
[2015-06-17 18:31:23][6484][INFO]return successfully! | SQL[set names utf8]
[2015-06-17 18:31:23][6484][INFO]return successfully! | excute time:0(ms) SQL[set names utf8]
[2015-06-17 18:31:37][6484][INFO]return successfully! | SQL[SET NAMES latin1]
[2015-06-17 18:31:37][6484][INFO]return successfully! | excute time:0(ms) SQL[SET NAMES latin1]
[2015-06-17 18:31:37][6484][INFO]return successfully! | SQL[set names utf8]
[2015-06-17 18:31:37][6484][INFO]return successfully! | excute time:0(ms) SQL[set names utf8]
[2015-06-17 18:31:38][6484][INFO]return successfully! | SQL[SET NAMES latin1]
[2015-06-17 18:31:38][6484][INFO]return successfully! | excute time:0(ms) SQL[SET NAMES latin1]
[2015-06-17 18:31:38][6484][INFO]return successfully! | SQL[set names utf8]
[2015-06-17 18:31:38][6484][INFO]return successfully! | excute time:0(ms) SQL[set names utf8]
[2015-06-17 18:31:49][6484][INFO]return successfully! | SQL[SET NAMES latin1]
[2015-06-17 18:31:49][6484][INFO]return successfully! | excute time:0(ms) SQL[SET NAMES latin1]
[2015-06-17 18:31:49][6484][INFO]return successfully! | SQL[set names utf8]
[2015-06-17 18:31:49][6484][INFO]return successfully! | excute time:0(ms) SQL[set names utf8]
[2015-06-17 18:31:57][6484][INFO]return successfully! | SQL[SET NAMES latin1]
[2015-06-17 18:31:57][6484][INFO]return successfully! | excute time:0(ms) SQL[SET NAMES latin1]
[2015-06-17 18:31:57][6484][INFO]return successfully! | SQL[set names utf8]
[2015-06-17 18:31:57][6484][INFO]return successfully! | excute time:0(ms) SQL[set names utf8]
[2015-06-17 18:31:58][6484][INFO]return successfully! | SQL[SET NAMES latin1]
[2015-06-17 18:31:58][6484][INFO]return successfully! | excute time:3(ms) SQL[SET NAMES latin1]
[2015-06-17 18:31:58][6484][INFO]return successfully! | SQL[set names utf8]
[2015-06-17 18:31:58][6484][INFO]return successfully! | excute time:1(ms) SQL[set names utf8]
[2015-06-17 18:34:18][6484][INFO]return successfully! | SQL[SET NAMES latin1]
[2015-06-17 18:34:18][6484][INFO]return successfully! | excute time:0(ms) SQL[SET NAMES latin1]
[2015-06-17 18:34:18][6484][INFO]return successfully! | SQL[set names utf8]
[2015-06-17 18:34:18][6484][INFO]return successfully! | excute time:0(ms) SQL[set names utf8]
[2015-06-17 18:34:41][6484][INFO]return successfully! | SQL[SET NAMES latin1]
[2015-06-17 18:34:41][6484][INFO]return successfully! | excute time:0(ms) SQL[SET NAMES latin1]
[2015-06-17 18:34:41][6484][INFO]return successfully! | SQL[set names utf8]
[2015-06-17 18:34:41][6484][INFO]return successfully! | excute time:0(ms) SQL[set names utf8]
[2015-06-17 18:34:52][6484][INFO]return successfully! | SQL[SET NAMES latin1]
[2015-06-17 18:34:52][6484][INFO]return successfully! | excute time:0(ms) SQL[SET NAMES latin1]
[2015-06-17 18:34:52][6484][INFO]return successfully! | SQL[set names utf8]
[2015-06-17 18:34:52][6484][INFO]return successfully! | excute time:0(ms) SQL[set names utf8]
[2015-06-17 18:35:15][6484][INFO]return successfully! | SQL[SET NAMES latin1]
[2015-06-17 18:35:15][6484][INFO]return successfully! | excute time:0(ms) SQL[SET NAMES latin1]
[2015-06-17 18:35:15][6484][INFO]return successfully! | SQL[set names utf8]
[2015-06-17 18:35:15][6484][INFO]return successfully! | excute time:1(ms) SQL[set names utf8]
[2015-06-17 18:35:23][6484][INFO]return successfully! | SQL[SET NAMES latin1]
[2015-06-17 18:35:23][6484][INFO]return successfully! | excute time:0(ms) SQL[SET NAMES latin1]
[2015-06-17 18:35:23][6484][INFO]return successfully! | SQL[set names utf8]
[2015-06-17 18:35:23][6484][INFO]return successfully! | excute time:0(ms) SQL[set names utf8]
[2015-06-17 18:35:23][6484][INFO]return successfully! | SQL[INSERT INTO ys_channelinfo SET `channel_name` = '年后', `coupon_id` = '45', `coupon_name` = '45', `isvalid` = '1', `insertdate` = '2015-06-17 18:35:23', `updatedate` = '2015-06-17 18:35:23']
[2015-06-17 18:35:23][6484][INFO]return successfully! | excute time:29(ms) SQL[INSERT INTO ys_channelinfo SET `channel_name` = '年后', `coupon_id` = '45', `coupon_name` = '45', `isvalid` = '1', `insertdate` = '2015-06-17 18:35:23', `updatedate` = '2015-06-17 18:35:23']
[2015-06-17 18:35:24][6484][INFO]return successfully! | SQL[SET NAMES latin1]
[2015-06-17 18:35:24][6484][INFO]return successfully! | excute time:0(ms) SQL[SET NAMES latin1]
[2015-06-17 18:35:24][6484][INFO]return successfully! | SQL[set names utf8]
[2015-06-17 18:35:24][6484][INFO]return successfully! | excute time:0(ms) SQL[set names utf8]
[2015-06-17 18:35:24][6484][INFO]return successfully! | SQL[INSERT INTO ys_channelinfo SET `channel_name` = '年后', `coupon_id` = '45', `coupon_name` = '45', `isvalid` = '1', `insertdate` = '2015-06-17 18:35:24', `updatedate` = '2015-06-17 18:35:24']
[2015-06-17 18:35:24][6484][INFO]return successfully! | excute time:27(ms) SQL[INSERT INTO ys_channelinfo SET `channel_name` = '年后', `coupon_id` = '45', `coupon_name` = '45', `isvalid` = '1', `insertdate` = '2015-06-17 18:35:24', `updatedate` = '2015-06-17 18:35:24']
[2015-06-17 18:35:25][6484][INFO]return successfully! | SQL[SET NAMES latin1]
[2015-06-17 18:35:25][6484][INFO]return successfully! | excute time:0(ms) SQL[SET NAMES latin1]
[2015-06-17 18:35:25][6484][INFO]return successfully! | SQL[set names utf8]
[2015-06-17 18:35:25][6484][INFO]return successfully! | excute time:0(ms) SQL[set names utf8]
[2015-06-17 18:35:25][6484][INFO]return successfully! | SQL[INSERT INTO ys_channelinfo SET `channel_name` = '年后', `coupon_id` = '45', `coupon_name` = '45', `isvalid` = '1', `insertdate` = '2015-06-17 18:35:25', `updatedate` = '2015-06-17 18:35:25']
[2015-06-17 18:35:25][6484][INFO]return successfully! | excute time:18(ms) SQL[INSERT INTO ys_channelinfo SET `channel_name` = '年后', `coupon_id` = '45', `coupon_name` = '45', `isvalid` = '1', `insertdate` = '2015-06-17 18:35:25', `updatedate` = '2015-06-17 18:35:25']
[2015-06-17 18:35:25][6484][INFO]return successfully! | SQL[SET NAMES latin1]
[2015-06-17 18:35:25][6484][INFO]return successfully! | excute time:0(ms) SQL[SET NAMES latin1]
[2015-06-17 18:35:25][6484][INFO]return successfully! | SQL[set names utf8]
[2015-06-17 18:35:25][6484][INFO]return successfully! | excute time:0(ms) SQL[set names utf8]
[2015-06-17 18:35:25][6484][INFO]return successfully! | SQL[INSERT INTO ys_channelinfo SET `channel_name` = '年后', `coupon_id` = '45', `coupon_name` = '45', `isvalid` = '1', `insertdate` = '2015-06-17 18:35:25', `updatedate` = '2015-06-17 18:35:25']
[2015-06-17 18:35:25][6484][INFO]return successfully! | excute time:15(ms) SQL[INSERT INTO ys_channelinfo SET `channel_name` = '年后', `coupon_id` = '45', `coupon_name` = '45', `isvalid` = '1', `insertdate` = '2015-06-17 18:35:25', `updatedate` = '2015-06-17 18:35:25']
[2015-06-17 18:35:25][6484][INFO]return successfully! | SQL[SET NAMES latin1]
[2015-06-17 18:35:25][6484][INFO]return successfully! | excute time:0(ms) SQL[SET NAMES latin1]
[2015-06-17 18:35:25][6484][INFO]return successfully! | SQL[set names utf8]
[2015-06-17 18:35:25][6484][INFO]return successfully! | excute time:0(ms) SQL[set names utf8]
[2015-06-17 18:35:25][6484][INFO]return successfully! | SQL[INSERT INTO ys_channelinfo SET `channel_name` = '年后', `coupon_id` = '45', `coupon_name` = '45', `isvalid` = '1', `insertdate` = '2015-06-17 18:35:25', `updatedate` = '2015-06-17 18:35:25']
[2015-06-17 18:35:25][6484][INFO]return successfully! | excute time:93(ms) SQL[INSERT INTO ys_channelinfo SET `channel_name` = '年后', `coupon_id` = '45', `coupon_name` = '45', `isvalid` = '1', `insertdate` = '2015-06-17 18:35:25', `updatedate` = '2015-06-17 18:35:25']
[2015-06-17 18:35:25][6484][INFO]return successfully! | SQL[SET NAMES latin1]
[2015-06-17 18:35:25][6484][INFO]return successfully! | excute time:0(ms) SQL[SET NAMES latin1]
[2015-06-17 18:35:25][6484][INFO]return successfully! | SQL[set names utf8]
[2015-06-17 18:35:25][6484][INFO]return successfully! | excute time:0(ms) SQL[set names utf8]
[2015-06-17 18:35:25][6484][INFO]return successfully! | SQL[INSERT INTO ys_channelinfo SET `channel_name` = '年后', `coupon_id` = '45', `coupon_name` = '45', `isvalid` = '1', `insertdate` = '2015-06-17 18:35:25', `updatedate` = '2015-06-17 18:35:25']
[2015-06-17 18:35:25][6484][INFO]return successfully! | excute time:32(ms) SQL[INSERT INTO ys_channelinfo SET `channel_name` = '年后', `coupon_id` = '45', `coupon_name` = '45', `isvalid` = '1', `insertdate` = '2015-06-17 18:35:25', `updatedate` = '2015-06-17 18:35:25']
[2015-06-17 18:35:25][6484][INFO]return successfully! | SQL[SET NAMES latin1]
[2015-06-17 18:35:25][6484][INFO]return successfully! | excute time:0(ms) SQL[SET NAMES latin1]
[2015-06-17 18:35:25][6484][INFO]return successfully! | SQL[set names utf8]
[2015-06-17 18:35:25][6484][INFO]return successfully! | excute time:0(ms) SQL[set names utf8]
[2015-06-17 18:35:25][6484][INFO]return successfully! | SQL[INSERT INTO ys_channelinfo SET `channel_name` = '年后', `coupon_id` = '45', `coupon_name` = '45', `isvalid` = '1', `insertdate` = '2015-06-17 18:35:25', `updatedate` = '2015-06-17 18:35:25']
[2015-06-17 18:35:25][6484][INFO]return successfully! | excute time:69(ms) SQL[INSERT INTO ys_channelinfo SET `channel_name` = '年后', `coupon_id` = '45', `coupon_name` = '45', `isvalid` = '1', `insertdate` = '2015-06-17 18:35:25', `updatedate` = '2015-06-17 18:35:25']
[2015-06-17 18:35:25][6484][INFO]return successfully! | SQL[SET NAMES latin1]
[2015-06-17 18:35:25][6484][INFO]return successfully! | excute time:0(ms) SQL[SET NAMES latin1]
[2015-06-17 18:35:25][6484][INFO]return successfully! | SQL[set names utf8]
[2015-06-17 18:35:25][6484][INFO]return successfully! | excute time:0(ms) SQL[set names utf8]
[2015-06-17 18:35:25][6484][INFO]return successfully! | SQL[INSERT INTO ys_channelinfo SET `channel_name` = '年后', `coupon_id` = '45', `coupon_name` = '45', `isvalid` = '1', `insertdate` = '2015-06-17 18:35:25', `updatedate` = '2015-06-17 18:35:25']
[2015-06-17 18:35:25][6484][INFO]return successfully! | excute time:33(ms) SQL[INSERT INTO ys_channelinfo SET `channel_name` = '年后', `coupon_id` = '45', `coupon_name` = '45', `isvalid` = '1', `insertdate` = '2015-06-17 18:35:25', `updatedate` = '2015-06-17 18:35:25']
[2015-06-17 18:35:41][6484][INFO]return successfully! | SQL[SET NAMES latin1]
[2015-06-17 18:35:41][6484][INFO]return successfully! | excute time:0(ms) SQL[SET NAMES latin1]
[2015-06-17 18:35:41][6484][INFO]return successfully! | SQL[set names utf8]
[2015-06-17 18:35:41][6484][INFO]return successfully! | excute time:0(ms) SQL[set names utf8]
[2015-06-17 18:35:41][6484][INFO]return successfully! | SQL[INSERT INTO ys_channelinfo SET `channel_name` = '年后', `coupon_id` = '45', `coupon_name` = '45', `isvalid` = '1', `insertdate` = '2015-06-17 18:35:41', `updatedate` = '2015-06-17 18:35:41']
[2015-06-17 18:35:41][6484][INFO]return successfully! | excute time:30(ms) SQL[INSERT INTO ys_channelinfo SET `channel_name` = '年后', `coupon_id` = '45', `coupon_name` = '45', `isvalid` = '1', `insertdate` = '2015-06-17 18:35:41', `updatedate` = '2015-06-17 18:35:41']
[2015-06-17 18:35:43][6484][INFO]return successfully! | SQL[SET NAMES latin1]
[2015-06-17 18:35:43][6484][INFO]return successfully! | excute time:0(ms) SQL[SET NAMES latin1]
[2015-06-17 18:35:43][6484][INFO]return successfully! | SQL[set names utf8]
[2015-06-17 18:35:43][6484][INFO]return successfully! | excute time:0(ms) SQL[set names utf8]
[2015-06-17 18:35:43][6484][INFO]return successfully! | SQL[INSERT INTO ys_channelinfo SET `channel_name` = '', `coupon_id` = '', `coupon_name` = '', `isvalid` = '1', `insertdate` = '2015-06-17 18:35:43', `updatedate` = '2015-06-17 18:35:43']
[2015-06-17 18:35:43][6484][INFO]return successfully! | excute time:27(ms) SQL[INSERT INTO ys_channelinfo SET `channel_name` = '', `coupon_id` = '', `coupon_name` = '', `isvalid` = '1', `insertdate` = '2015-06-17 18:35:43', `updatedate` = '2015-06-17 18:35:43']
[2015-06-17 18:35:59][6484][INFO]return successfully! | SQL[SET NAMES latin1]
[2015-06-17 18:35:59][6484][INFO]return successfully! | excute time:0(ms) SQL[SET NAMES latin1]
[2015-06-17 18:35:59][6484][INFO]return successfully! | SQL[set names utf8]
[2015-06-17 18:35:59][6484][INFO]return successfully! | excute time:0(ms) SQL[set names utf8]
[2015-06-17 18:35:59][6484][INFO]return successfully! | SQL[INSERT INTO ys_channelinfo SET `channel_name` = '', `coupon_id` = '', `coupon_name` = '', `isvalid` = '1', `insertdate` = '2015-06-17 18:35:59', `updatedate` = '2015-06-17 18:35:59']
[2015-06-17 18:35:59][6484][INFO]return successfully! | excute time:24(ms) SQL[INSERT INTO ys_channelinfo SET `channel_name` = '', `coupon_id` = '', `coupon_name` = '', `isvalid` = '1', `insertdate` = '2015-06-17 18:35:59', `updatedate` = '2015-06-17 18:35:59']
[2015-06-17 18:36:10][6484][INFO]return successfully! | SQL[SET NAMES latin1]
[2015-06-17 18:36:10][6484][INFO]return successfully! | excute time:0(ms) SQL[SET NAMES latin1]
[2015-06-17 18:36:10][6484][INFO]return successfully! | SQL[set names utf8]
[2015-06-17 18:36:10][6484][INFO]return successfully! | excute time:0(ms) SQL[set names utf8]
[2015-06-17 18:36:10][6484][INFO]return successfully! | SQL[INSERT INTO ys_channelinfo SET `channel_name` = '年后', `coupon_id` = '45', `coupon_name` = '45', `isvalid` = '1', `insertdate` = '2015-06-17 18:36:10', `updatedate` = '2015-06-17 18:36:10']
[2015-06-17 18:36:10][6484][INFO]return successfully! | excute time:15(ms) SQL[INSERT INTO ys_channelinfo SET `channel_name` = '年后', `coupon_id` = '45', `coupon_name` = '45', `isvalid` = '1', `insertdate` = '2015-06-17 18:36:10', `updatedate` = '2015-06-17 18:36:10']
[2015-06-17 18:36:11][6484][INFO]return successfully! | SQL[SET NAMES latin1]
[2015-06-17 18:36:11][6484][INFO]return successfully! | excute time:0(ms) SQL[SET NAMES latin1]
[2015-06-17 18:36:11][6484][INFO]return successfully! | SQL[set names utf8]
[2015-06-17 18:36:11][6484][INFO]return successfully! | excute time:0(ms) SQL[set names utf8]
[2015-06-17 18:36:18][6484][INFO]return successfully! | SQL[SET NAMES latin1]
[2015-06-17 18:36:18][6484][INFO]return successfully! | excute time:0(ms) SQL[SET NAMES latin1]
[2015-06-17 18:36:18][6484][INFO]return successfully! | SQL[set names utf8]
[2015-06-17 18:36:18][6484][INFO]return successfully! | excute time:0(ms) SQL[set names utf8]
[2015-06-17 18:36:47][6484][INFO]return successfully! | SQL[SET NAMES latin1]
[2015-06-17 18:36:47][6484][INFO]return successfully! | excute time:0(ms) SQL[SET NAMES latin1]
[2015-06-17 18:36:47][6484][INFO]return successfully! | SQL[set names utf8]
[2015-06-17 18:36:47][6484][INFO]return successfully! | excute time:1(ms) SQL[set names utf8]
[2015-06-17 18:37:35][6484][INFO]return successfully! | SQL[SET NAMES latin1]
[2015-06-17 18:37:35][6484][INFO]return successfully! | excute time:0(ms) SQL[SET NAMES latin1]
[2015-06-17 18:37:35][6484][INFO]return successfully! | SQL[set names utf8]
[2015-06-17 18:37:35][6484][INFO]return successfully! | excute time:0(ms) SQL[set names utf8]
[2015-06-17 18:39:18][6484][INFO]return successfully! | SQL[SET NAMES latin1]
[2015-06-17 18:39:18][6484][INFO]return successfully! | excute time:0(ms) SQL[SET NAMES latin1]
[2015-06-17 18:39:18][6484][INFO]return successfully! | SQL[set names utf8]
[2015-06-17 18:39:18][6484][INFO]return successfully! | excute time:0(ms) SQL[set names utf8]
[2015-06-17 18:39:29][6484][INFO]return successfully! | SQL[SET NAMES latin1]
[2015-06-17 18:39:29][6484][INFO]return successfully! | excute time:0(ms) SQL[SET NAMES latin1]
[2015-06-17 18:39:29][6484][INFO]return successfully! | SQL[set names utf8]
[2015-06-17 18:39:29][6484][INFO]return successfully! | excute time:0(ms) SQL[set names utf8]
[2015-06-17 18:40:08][6484][INFO]return successfully! | SQL[SET NAMES latin1]
[2015-06-17 18:40:08][6484][INFO]return successfully! | excute time:0(ms) SQL[SET NAMES latin1]
[2015-06-17 18:40:08][6484][INFO]return successfully! | SQL[set names utf8]
[2015-06-17 18:40:08][6484][INFO]return successfully! | excute time:0(ms) SQL[set names utf8]
[2015-06-17 18:40:28][6484][INFO]return successfully! | SQL[SET NAMES latin1]
[2015-06-17 18:40:28][6484][INFO]return successfully! | excute time:0(ms) SQL[SET NAMES latin1]
[2015-06-17 18:40:28][6484][INFO]return successfully! | SQL[set names utf8]
[2015-06-17 18:40:28][6484][INFO]return successfully! | excute time:0(ms) SQL[set names utf8]
[2015-06-17 19:18:50][6484][INFO]return successfully! | SQL[SET NAMES latin1]
[2015-06-17 19:18:50][6484][INFO]return successfully! | excute time:0(ms) SQL[SET NAMES latin1]
[2015-06-17 19:18:50][6484][INFO]return successfully! | SQL[set names utf8]
[2015-06-17 19:18:50][6484][INFO]return successfully! | excute time:0(ms) SQL[set names utf8]
[2015-06-17 19:20:51][6484][INFO]return successfully! | SQL[SET NAMES latin1]
[2015-06-17 19:20:51][6484][INFO]return successfully! | excute time:0(ms) SQL[SET NAMES latin1]
[2015-06-17 19:20:51][6484][INFO]return successfully! | SQL[set names utf8]
[2015-06-17 19:20:51][6484][INFO]return successfully! | excute time:0(ms) SQL[set names utf8]
[2015-06-17 19:21:11][6484][INFO]return successfully! | SQL[SET NAMES latin1]
[2015-06-17 19:21:11][6484][INFO]return successfully! | excute time:0(ms) SQL[SET NAMES latin1]
[2015-06-17 19:21:11][6484][INFO]return successfully! | SQL[set names utf8]
[2015-06-17 19:21:11][6484][INFO]return successfully! | excute time:0(ms) SQL[set names utf8]
[2015-06-17 19:21:43][6484][INFO]return successfully! | SQL[SET NAMES latin1]
[2015-06-17 19:21:43][6484][INFO]return successfully! | excute time:0(ms) SQL[SET NAMES latin1]
[2015-06-17 19:21:43][6484][INFO]return successfully! | SQL[set names utf8]
[2015-06-17 19:21:43][6484][INFO]return successfully! | excute time:0(ms) SQL[set names utf8]
[2015-06-17 19:22:48][6484][INFO]return successfully! | SQL[SET NAMES latin1]
[2015-06-17 19:22:48][6484][INFO]return successfully! | excute time:0(ms) SQL[SET NAMES latin1]
[2015-06-17 19:22:48][6484][INFO]return successfully! | SQL[set names utf8]
[2015-06-17 19:22:48][6484][INFO]return successfully! | excute time:0(ms) SQL[set names utf8]
[2015-06-17 21:53:30][3756][INFO]return successfully! | SQL[SET NAMES latin1]
[2015-06-17 21:53:30][3756][INFO]return successfully! | excute time:0(ms) SQL[SET NAMES latin1]
[2015-06-17 21:53:30][3756][INFO]return successfully! | SQL[set names utf8]
[2015-06-17 21:53:30][3756][INFO]return successfully! | excute time:0(ms) SQL[set names utf8]
[2015-06-17 21:53:41][3756][INFO]return successfully! | SQL[SET NAMES latin1]
[2015-06-17 21:53:41][3756][INFO]return successfully! | excute time:0(ms) SQL[SET NAMES latin1]
[2015-06-17 21:53:41][3756][INFO]return successfully! | SQL[set names utf8]
[2015-06-17 21:53:41][3756][INFO]return successfully! | excute time:0(ms) SQL[set names utf8]
[2015-06-17 21:53:45][3756][INFO]return successfully! | SQL[SET NAMES latin1]
[2015-06-17 21:53:45][3756][INFO]return successfully! | excute time:0(ms) SQL[SET NAMES latin1]
[2015-06-17 21:53:45][3756][INFO]return successfully! | SQL[set names utf8]
[2015-06-17 21:53:45][3756][INFO]return successfully! | excute time:0(ms) SQL[set names utf8]
[2015-06-17 21:53:45][3756][INFO]return successfully! | SQL[UPDATE `ys_channelinfo` SET `isvalid` = '0', `updatedate` = '2015-06-17 21:53:45' WHERE 1 AND  `channel_id` = '1' AND  `isvalid` = '1' ]
[2015-06-17 21:53:45][3756][INFO]return successfully! | excute time:19(ms) SQL[UPDATE `ys_channelinfo` SET `isvalid` = '0', `updatedate` = '2015-06-17 21:53:45' WHERE 1 AND  `channel_id` = '1' AND  `isvalid` = '1' ]
[2015-06-17 21:53:46][3756][INFO]return successfully! | SQL[SET NAMES latin1]
[2015-06-17 21:53:46][3756][INFO]return successfully! | excute time:0(ms) SQL[SET NAMES latin1]
[2015-06-17 21:53:46][3756][INFO]return successfully! | SQL[set names utf8]
[2015-06-17 21:53:46][3756][INFO]return successfully! | excute time:0(ms) SQL[set names utf8]
[2015-06-17 21:54:48][3756][INFO]return successfully! | SQL[SET NAMES latin1]
[2015-06-17 21:54:48][3756][INFO]return successfully! | excute time:0(ms) SQL[SET NAMES latin1]
[2015-06-17 21:54:48][3756][INFO]return successfully! | SQL[set names utf8]
[2015-06-17 21:54:48][3756][INFO]return successfully! | excute time:0(ms) SQL[set names utf8]
[2015-06-17 21:54:55][3756][INFO]return successfully! | SQL[SET NAMES latin1]
[2015-06-17 21:54:55][3756][INFO]return successfully! | excute time:0(ms) SQL[SET NAMES latin1]
[2015-06-17 21:54:55][3756][INFO]return successfully! | SQL[set names utf8]
[2015-06-17 21:54:55][3756][INFO]return successfully! | excute time:0(ms) SQL[set names utf8]
[2015-06-17 21:54:55][3756][INFO]return successfully! | SQL[UPDATE `ys_channelinfo` SET `isvalid` = '0', `updatedate` = '2015-06-17 21:54:55' WHERE 1 AND  `channel_id` = '2' AND  `isvalid` = '1' ]
[2015-06-17 21:54:55][3756][INFO]return successfully! | excute time:37(ms) SQL[UPDATE `ys_channelinfo` SET `isvalid` = '0', `updatedate` = '2015-06-17 21:54:55' WHERE 1 AND  `channel_id` = '2' AND  `isvalid` = '1' ]
[2015-06-17 21:54:55][3756][INFO]return successfully! | SQL[SET NAMES latin1]
[2015-06-17 21:54:55][3756][INFO]return successfully! | excute time:0(ms) SQL[SET NAMES latin1]
[2015-06-17 21:54:55][3756][INFO]return successfully! | SQL[set names utf8]
[2015-06-17 21:54:55][3756][INFO]return successfully! | excute time:0(ms) SQL[set names utf8]
[2015-06-17 21:55:01][3756][INFO]return successfully! | SQL[SET NAMES latin1]
[2015-06-17 21:55:01][3756][INFO]return successfully! | excute time:0(ms) SQL[SET NAMES latin1]
[2015-06-17 21:55:01][3756][INFO]return successfully! | SQL[set names utf8]
[2015-06-17 21:55:01][3756][INFO]return successfully! | excute time:0(ms) SQL[set names utf8]
[2015-06-17 21:55:01][3756][INFO]return successfully! | SQL[UPDATE `ys_channelinfo` SET `isvalid` = '0', `updatedate` = '2015-06-17 21:55:01' WHERE 1 AND  `channel_id` = '3' AND  `isvalid` = '1' ]
[2015-06-17 21:55:01][3756][INFO]return successfully! | excute time:19(ms) SQL[UPDATE `ys_channelinfo` SET `isvalid` = '0', `updatedate` = '2015-06-17 21:55:01' WHERE 1 AND  `channel_id` = '3' AND  `isvalid` = '1' ]
[2015-06-17 21:55:01][3756][INFO]return successfully! | SQL[SET NAMES latin1]
[2015-06-17 21:55:01][3756][INFO]return successfully! | excute time:0(ms) SQL[SET NAMES latin1]
[2015-06-17 21:55:01][3756][INFO]return successfully! | SQL[set names utf8]
[2015-06-17 21:55:01][3756][INFO]return successfully! | excute time:0(ms) SQL[set names utf8]
[2015-06-17 21:55:05][3756][INFO]return successfully! | SQL[SET NAMES latin1]
[2015-06-17 21:55:05][3756][INFO]return successfully! | excute time:0(ms) SQL[SET NAMES latin1]
[2015-06-17 21:55:05][3756][INFO]return successfully! | SQL[set names utf8]
[2015-06-17 21:55:05][3756][INFO]return successfully! | excute time:0(ms) SQL[set names utf8]
[2015-06-17 21:55:05][3756][INFO]return successfully! | SQL[UPDATE `ys_channelinfo` SET `isvalid` = '0', `updatedate` = '2015-06-17 21:55:05' WHERE 1 AND  `channel_id` = '4' AND  `isvalid` = '1' ]
[2015-06-17 21:55:05][3756][INFO]return successfully! | excute time:35(ms) SQL[UPDATE `ys_channelinfo` SET `isvalid` = '0', `updatedate` = '2015-06-17 21:55:05' WHERE 1 AND  `channel_id` = '4' AND  `isvalid` = '1' ]
[2015-06-17 21:55:06][3756][INFO]return successfully! | SQL[SET NAMES latin1]
[2015-06-17 21:55:06][3756][INFO]return successfully! | excute time:0(ms) SQL[SET NAMES latin1]
[2015-06-17 21:55:06][3756][INFO]return successfully! | SQL[set names utf8]
[2015-06-17 21:55:06][3756][INFO]return successfully! | excute time:0(ms) SQL[set names utf8]
[2015-06-17 21:55:09][3756][INFO]return successfully! | SQL[SET NAMES latin1]
[2015-06-17 21:55:09][3756][INFO]return successfully! | excute time:0(ms) SQL[SET NAMES latin1]
[2015-06-17 21:55:09][3756][INFO]return successfully! | SQL[set names utf8]
[2015-06-17 21:55:09][3756][INFO]return successfully! | excute time:0(ms) SQL[set names utf8]
[2015-06-17 21:55:09][3756][INFO]return successfully! | SQL[UPDATE `ys_channelinfo` SET `isvalid` = '0', `updatedate` = '2015-06-17 21:55:09' WHERE 1 AND  `channel_id` = '12' AND  `isvalid` = '1' ]
[2015-06-17 21:55:10][3756][INFO]return successfully! | excute time:37(ms) SQL[UPDATE `ys_channelinfo` SET `isvalid` = '0', `updatedate` = '2015-06-17 21:55:09' WHERE 1 AND  `channel_id` = '12' AND  `isvalid` = '1' ]
[2015-06-17 21:55:10][3756][INFO]return successfully! | SQL[SET NAMES latin1]
[2015-06-17 21:55:10][3756][INFO]return successfully! | excute time:0(ms) SQL[SET NAMES latin1]
[2015-06-17 21:55:10][3756][INFO]return successfully! | SQL[set names utf8]
[2015-06-17 21:55:10][3756][INFO]return successfully! | excute time:0(ms) SQL[set names utf8]
[2015-06-17 21:55:12][3756][INFO]return successfully! | SQL[SET NAMES latin1]
[2015-06-17 21:55:12][3756][INFO]return successfully! | excute time:0(ms) SQL[SET NAMES latin1]
[2015-06-17 21:55:12][3756][INFO]return successfully! | SQL[set names utf8]
[2015-06-17 21:55:12][3756][INFO]return successfully! | excute time:0(ms) SQL[set names utf8]
[2015-06-17 21:55:12][3756][INFO]return successfully! | SQL[UPDATE `ys_channelinfo` SET `isvalid` = '0', `updatedate` = '2015-06-17 21:55:12' WHERE 1 AND  `channel_id` = '11' AND  `isvalid` = '1' ]
[2015-06-17 21:55:12][3756][INFO]return successfully! | excute time:100(ms) SQL[UPDATE `ys_channelinfo` SET `isvalid` = '0', `updatedate` = '2015-06-17 21:55:12' WHERE 1 AND  `channel_id` = '11' AND  `isvalid` = '1' ]
[2015-06-17 21:55:12][3756][INFO]return successfully! | SQL[SET NAMES latin1]
[2015-06-17 21:55:12][3756][INFO]return successfully! | excute time:0(ms) SQL[SET NAMES latin1]
[2015-06-17 21:55:12][3756][INFO]return successfully! | SQL[set names utf8]
[2015-06-17 21:55:12][3756][INFO]return successfully! | excute time:0(ms) SQL[set names utf8]
[2015-06-17 21:55:29][3756][INFO]return successfully! | SQL[SET NAMES latin1]
[2015-06-17 21:55:29][3756][INFO]return successfully! | excute time:0(ms) SQL[SET NAMES latin1]
[2015-06-17 21:55:29][3756][INFO]return successfully! | SQL[set names utf8]
[2015-06-17 21:55:29][3756][INFO]return successfully! | excute time:0(ms) SQL[set names utf8]
[2015-06-17 21:55:32][3756][INFO]return successfully! | SQL[SET NAMES latin1]
[2015-06-17 21:55:32][3756][INFO]return successfully! | excute time:0(ms) SQL[SET NAMES latin1]
[2015-06-17 21:55:32][3756][INFO]return successfully! | SQL[set names utf8]
[2015-06-17 21:55:32][3756][INFO]return successfully! | excute time:0(ms) SQL[set names utf8]
[2015-06-17 21:55:32][3756][INFO]return successfully! | SQL[UPDATE `ys_channelinfo` SET `isvalid` = '0', `updatedate` = '2015-06-17 21:55:32' WHERE 1 AND  `channel_id` = '9' AND  `isvalid` = '1' ]
[2015-06-17 21:55:32][3756][INFO]return successfully! | excute time:20(ms) SQL[UPDATE `ys_channelinfo` SET `isvalid` = '0', `updatedate` = '2015-06-17 21:55:32' WHERE 1 AND  `channel_id` = '9' AND  `isvalid` = '1' ]
[2015-06-17 21:55:32][3756][INFO]return successfully! | SQL[SET NAMES latin1]
[2015-06-17 21:55:32][3756][INFO]return successfully! | excute time:0(ms) SQL[SET NAMES latin1]
[2015-06-17 21:55:32][3756][INFO]return successfully! | SQL[set names utf8]
[2015-06-17 21:55:32][3756][INFO]return successfully! | excute time:0(ms) SQL[set names utf8]
[2015-06-17 21:55:35][3756][INFO]return successfully! | SQL[SET NAMES latin1]
[2015-06-17 21:55:35][3756][INFO]return successfully! | excute time:0(ms) SQL[SET NAMES latin1]
[2015-06-17 21:55:35][3756][INFO]return successfully! | SQL[set names utf8]
[2015-06-17 21:55:35][3756][INFO]return successfully! | excute time:0(ms) SQL[set names utf8]
[2015-06-17 21:55:35][3756][INFO]return successfully! | SQL[UPDATE `ys_channelinfo` SET `isvalid` = '0', `updatedate` = '2015-06-17 21:55:35' WHERE 1 AND  `channel_id` = '7' AND  `isvalid` = '1' ]
[2015-06-17 21:55:35][3756][INFO]return successfully! | excute time:136(ms) SQL[UPDATE `ys_channelinfo` SET `isvalid` = '0', `updatedate` = '2015-06-17 21:55:35' WHERE 1 AND  `channel_id` = '7' AND  `isvalid` = '1' ]
[2015-06-17 21:55:35][3756][INFO]return successfully! | SQL[SET NAMES latin1]
[2015-06-17 21:55:35][3756][INFO]return successfully! | excute time:0(ms) SQL[SET NAMES latin1]
[2015-06-17 21:55:35][3756][INFO]return successfully! | SQL[set names utf8]
[2015-06-17 21:55:35][3756][INFO]return successfully! | excute time:0(ms) SQL[set names utf8]
[2015-06-17 21:55:45][3756][INFO]return successfully! | SQL[SET NAMES latin1]
[2015-06-17 21:55:45][3756][INFO]return successfully! | excute time:0(ms) SQL[SET NAMES latin1]
[2015-06-17 21:55:45][3756][INFO]return successfully! | SQL[set names utf8]
[2015-06-17 21:55:45][3756][INFO]return successfully! | excute time:0(ms) SQL[set names utf8]
[2015-06-17 21:55:45][3756][INFO]return successfully! | SQL[UPDATE `ys_channelinfo` SET `isvalid` = '0', `updatedate` = '2015-06-17 21:55:45' WHERE 1 AND  `channel_id` = '5' AND  `isvalid` = '1' ]
[2015-06-17 21:55:45][3756][INFO]return successfully! | excute time:18(ms) SQL[UPDATE `ys_channelinfo` SET `isvalid` = '0', `updatedate` = '2015-06-17 21:55:45' WHERE 1 AND  `channel_id` = '5' AND  `isvalid` = '1' ]
[2015-06-17 21:55:46][3756][INFO]return successfully! | SQL[SET NAMES latin1]
[2015-06-17 21:55:46][3756][INFO]return successfully! | excute time:0(ms) SQL[SET NAMES latin1]
[2015-06-17 21:55:46][3756][INFO]return successfully! | SQL[set names utf8]
[2015-06-17 21:55:46][3756][INFO]return successfully! | excute time:0(ms) SQL[set names utf8]
[2015-06-17 21:55:51][3756][INFO]return successfully! | SQL[SET NAMES latin1]
[2015-06-17 21:55:51][3756][INFO]return successfully! | excute time:0(ms) SQL[SET NAMES latin1]
[2015-06-17 21:55:51][3756][INFO]return successfully! | SQL[set names utf8]
[2015-06-17 21:55:51][3756][INFO]return successfully! | excute time:0(ms) SQL[set names utf8]
[2015-06-17 21:55:51][3756][INFO]return successfully! | SQL[UPDATE `ys_channelinfo` SET `isvalid` = '0', `updatedate` = '2015-06-17 21:55:51' WHERE 1 AND  `channel_id` = '10' AND  `isvalid` = '1' ]
[2015-06-17 21:55:51][3756][INFO]return successfully! | excute time:54(ms) SQL[UPDATE `ys_channelinfo` SET `isvalid` = '0', `updatedate` = '2015-06-17 21:55:51' WHERE 1 AND  `channel_id` = '10' AND  `isvalid` = '1' ]
[2015-06-17 21:55:51][3756][INFO]return successfully! | SQL[SET NAMES latin1]
[2015-06-17 21:55:51][3756][INFO]return successfully! | excute time:0(ms) SQL[SET NAMES latin1]
[2015-06-17 21:55:51][3756][INFO]return successfully! | SQL[set names utf8]
[2015-06-17 21:55:51][3756][INFO]return successfully! | excute time:0(ms) SQL[set names utf8]
[2015-06-17 22:06:45][3756][INFO]return successfully! | SQL[SET NAMES latin1]
[2015-06-17 22:06:45][3756][INFO]return successfully! | excute time:1(ms) SQL[SET NAMES latin1]
[2015-06-17 22:06:45][3756][INFO]return successfully! | SQL[set names utf8]
[2015-06-17 22:06:45][3756][INFO]return successfully! | excute time:0(ms) SQL[set names utf8]
[2015-06-17 22:06:45][3756][INFO]return successfully! | SQL[INSERT INTO ys_channelinfo SET `channel_name` = '晚上', `coupon_id` = '2323', `coupon_name` = '2323', `isvalid` = '1', `insertdate` = '2015-06-17 22:06:45', `updatedate` = '2015-06-17 22:06:45']
[2015-06-17 22:06:45][3756][INFO]return successfully! | excute time:28(ms) SQL[INSERT INTO ys_channelinfo SET `channel_name` = '晚上', `coupon_id` = '2323', `coupon_name` = '2323', `isvalid` = '1', `insertdate` = '2015-06-17 22:06:45', `updatedate` = '2015-06-17 22:06:45']
[2015-06-17 22:06:46][3756][INFO]return successfully! | SQL[SET NAMES latin1]
[2015-06-17 22:06:46][3756][INFO]return successfully! | excute time:0(ms) SQL[SET NAMES latin1]
[2015-06-17 22:06:46][3756][INFO]return successfully! | SQL[set names utf8]
[2015-06-17 22:06:46][3756][INFO]return successfully! | excute time:0(ms) SQL[set names utf8]
[2015-06-17 22:06:50][3756][INFO]return successfully! | SQL[SET NAMES latin1]
[2015-06-17 22:06:50][3756][INFO]return successfully! | excute time:0(ms) SQL[SET NAMES latin1]
[2015-06-17 22:06:50][3756][INFO]return successfully! | SQL[set names utf8]
[2015-06-17 22:06:50][3756][INFO]return successfully! | excute time:0(ms) SQL[set names utf8]
[2015-06-17 22:06:50][3756][INFO]return successfully! | SQL[UPDATE `ys_channelinfo` SET `isvalid` = '0', `updatedate` = '2015-06-17 22:06:50' WHERE 1 AND  `channel_id` = '14' AND  `isvalid` = '1' ]
[2015-06-17 22:06:50][3756][INFO]return successfully! | excute time:36(ms) SQL[UPDATE `ys_channelinfo` SET `isvalid` = '0', `updatedate` = '2015-06-17 22:06:50' WHERE 1 AND  `channel_id` = '14' AND  `isvalid` = '1' ]
[2015-06-17 22:06:50][3756][INFO]return successfully! | SQL[SET NAMES latin1]
[2015-06-17 22:06:50][3756][INFO]return successfully! | excute time:0(ms) SQL[SET NAMES latin1]
[2015-06-17 22:06:50][3756][INFO]return successfully! | SQL[set names utf8]
[2015-06-17 22:06:50][3756][INFO]return successfully! | excute time:0(ms) SQL[set names utf8]
[2015-06-17 22:07:44][3756][INFO]return successfully! | SQL[SET NAMES latin1]
[2015-06-17 22:07:44][3756][INFO]return successfully! | excute time:0(ms) SQL[SET NAMES latin1]
[2015-06-17 22:07:44][3756][INFO]return successfully! | SQL[set names utf8]
[2015-06-17 22:07:44][3756][INFO]return successfully! | excute time:0(ms) SQL[set names utf8]
[2015-06-17 22:07:45][3756][INFO]return successfully! | SQL[SET NAMES latin1]
[2015-06-17 22:07:45][3756][INFO]return successfully! | excute time:0(ms) SQL[SET NAMES latin1]
[2015-06-17 22:07:45][3756][INFO]return successfully! | SQL[set names utf8]
[2015-06-17 22:07:45][3756][INFO]return successfully! | excute time:0(ms) SQL[set names utf8]
[2015-06-17 22:07:45][3756][INFO]return successfully! | SQL[UPDATE `ys_channelinfo` SET `isvalid` = '0', `updatedate` = '2015-06-17 22:07:45' WHERE 1 AND  `channel_id` = '8' AND  `isvalid` = '1' ]
[2015-06-17 22:07:45][3756][INFO]return successfully! | excute time:57(ms) SQL[UPDATE `ys_channelinfo` SET `isvalid` = '0', `updatedate` = '2015-06-17 22:07:45' WHERE 1 AND  `channel_id` = '8' AND  `isvalid` = '1' ]
[2015-06-17 22:07:45][3756][INFO]return successfully! | SQL[SET NAMES latin1]
[2015-06-17 22:07:45][3756][INFO]return successfully! | excute time:0(ms) SQL[SET NAMES latin1]
[2015-06-17 22:07:45][3756][INFO]return successfully! | SQL[set names utf8]
[2015-06-17 22:07:45][3756][INFO]return successfully! | excute time:0(ms) SQL[set names utf8]
[2015-06-17 22:27:32][3756][INFO]return successfully! | SQL[SET NAMES latin1]
[2015-06-17 22:27:32][3756][INFO]return successfully! | excute time:0(ms) SQL[SET NAMES latin1]
[2015-06-17 22:27:32][3756][INFO]return successfully! | SQL[set names utf8]
[2015-06-17 22:27:32][3756][INFO]return successfully! | excute time:0(ms) SQL[set names utf8]
